<?xml version="1.0" encoding="UTF-8"?>
<!-- Generated by org.testng.reporters.JUnitXMLReporter -->
<testsuite ignored="0" hostname="DESKTOP-C5RJD4I" failures="0" tests="4" name="Test" time="112.142" errors="0" timestamp="2023-03-02T10:29:43 IST">
  <testcase classname="hms.emc.doctor.DoctorAddingMedicalHistoryTest" name="doctorAddingMedicalHistoryTest" time="22.709"/>
  <testcase classname="hms.emc.doctor.AddingDoctorUserBookingAppointmentDeleteDoctorLoginAsDoctorTest" name="addingDoctorUserBookingAppointmentDeleteDoctorLoginAsDoctorTest" time="21.933"/>
  <testcase classname="hms.emc.admin.AddingDoctorSpecialisationDoctorEDitDoctorDeleteDoctorTest" name="addingDoctorSpecialisationDoctorEDitDoctorDeleteDoctorTest" time="17.599"/>
  <testcase classname="hms.emc.patient.UserRegistrationBookingAppointmentDoctorCancellingAppointmentTest" name="userRegistrationBookingAppointmentDoctorCancellingAppointmentTest" time="10.303"/>
</testsuite> <!-- Test -->
