<?xml version="1.0" encoding="UTF-8"?>
<!-- Generated by org.testng.reporters.JUnitXMLReporter -->
<testsuite ignored="0" hostname="DESKTOP-C5RJD4I" failures="0" tests="3" name="Test1" time="0.053" errors="0" timestamp="2023-02-23T10:10:43 IST">
  <testcase classname="hms.emc.practiceTestCases.TestNG" name="test1" time="0.003"/>
  <testcase classname="hms.emc.practiceTestCases.TestNG" name="test2" time="0.003"/>
  <testcase classname="hms.emc.practiceTestCases.TestNG" name="test3" time="0.007"/>
</testsuite> <!-- Test1 -->
