<?xml version="1.0" encoding="UTF-8"?>
<testng-results ignored="0" total="4" passed="4" failed="0" skipped="0">
  <reporter-output>
  </reporter-output>
  <suite started-at="2023-03-02T10:27:50 IST" name="Suite" finished-at="2023-03-02T10:29:42 IST" duration-ms="112142">
    <groups>
    </groups>
    <test started-at="2023-03-02T10:27:50 IST" name="Test" finished-at="2023-03-02T10:29:42 IST" duration-ms="112142">
      <class name="hms.emc.admin.AddingDoctorSpecialisationDoctorEDitDoctorDeleteDoctorTest">
        <test-method is-config="true" signature="ImplementationSetup(java.lang.String)[pri:0, instance:hms.emc.admin.AddingDoctorSpecialisationDoctorEDitDoctorDeleteDoctorTest@f0da945]" started-at="2023-03-02T10:28:54 IST" name="ImplementationSetup" finished-at="2023-03-02T10:28:54 IST" duration-ms="161" status="PASS">
          <params>
            <param index="0">
              <value is-null="true"/>
            </param>
          </params>
          <reporter-output>
          </reporter-output>
        </test-method> <!-- ImplementationSetup -->
        <test-method is-config="true" signature="setup()[pri:0, instance:hms.emc.admin.AddingDoctorSpecialisationDoctorEDitDoctorDeleteDoctorTest@f0da945]" started-at="2023-03-02T10:28:54 IST" name="setup" finished-at="2023-03-02T10:29:04 IST" duration-ms="9953" status="PASS">
          <reporter-output>
          </reporter-output>
        </test-method> <!-- setup -->
        <test-method signature="addingDoctorSpecialisationDoctorEDitDoctorDeleteDoctorTest()[pri:0, instance:hms.emc.admin.AddingDoctorSpecialisationDoctorEDitDoctorDeleteDoctorTest@f0da945]" started-at="2023-03-02T10:29:04 IST" name="addingDoctorSpecialisationDoctorEDitDoctorDeleteDoctorTest" finished-at="2023-03-02T10:29:22 IST" duration-ms="17599" status="PASS">
          <reporter-output>
          </reporter-output>
        </test-method> <!-- addingDoctorSpecialisationDoctorEDitDoctorDeleteDoctorTest -->
        <test-method is-config="true" signature="close()[pri:0, instance:hms.emc.admin.AddingDoctorSpecialisationDoctorEDitDoctorDeleteDoctorTest@f0da945]" started-at="2023-03-02T10:29:22 IST" name="close" finished-at="2023-03-02T10:29:22 IST" duration-ms="427" status="PASS">
          <reporter-output>
          </reporter-output>
        </test-method> <!-- close -->
        <test-method is-config="true" signature="ImplementationTearDown()[pri:0, instance:hms.emc.admin.AddingDoctorSpecialisationDoctorEDitDoctorDeleteDoctorTest@f0da945]" started-at="2023-03-02T10:29:22 IST" name="ImplementationTearDown" finished-at="2023-03-02T10:29:22 IST" duration-ms="0" status="PASS">
          <reporter-output>
          </reporter-output>
        </test-method> <!-- ImplementationTearDown -->
      </class> <!-- hms.emc.admin.AddingDoctorSpecialisationDoctorEDitDoctorDeleteDoctorTest -->
      <class name="hms.emc.doctor.AddingDoctorUserBookingAppointmentDeleteDoctorLoginAsDoctorTest">
        <test-method is-config="true" signature="ImplementationSetup(java.lang.String)[pri:0, instance:hms.emc.doctor.AddingDoctorUserBookingAppointmentDeleteDoctorLoginAsDoctorTest@17497425]" started-at="2023-03-02T10:28:24 IST" name="ImplementationSetup" finished-at="2023-03-02T10:28:24 IST" duration-ms="202" status="PASS">
          <params>
            <param index="0">
              <value is-null="true"/>
            </param>
          </params>
          <reporter-output>
          </reporter-output>
        </test-method> <!-- ImplementationSetup -->
        <test-method is-config="true" signature="setup()[pri:0, instance:hms.emc.doctor.AddingDoctorUserBookingAppointmentDeleteDoctorLoginAsDoctorTest@17497425]" started-at="2023-03-02T10:28:24 IST" name="setup" finished-at="2023-03-02T10:28:32 IST" duration-ms="7759" status="PASS">
          <reporter-output>
          </reporter-output>
        </test-method> <!-- setup -->
        <test-method signature="addingDoctorUserBookingAppointmentDeleteDoctorLoginAsDoctorTest()[pri:0, instance:hms.emc.doctor.AddingDoctorUserBookingAppointmentDeleteDoctorLoginAsDoctorTest@17497425]" started-at="2023-03-02T10:28:32 IST" name="addingDoctorUserBookingAppointmentDeleteDoctorLoginAsDoctorTest" finished-at="2023-03-02T10:28:54 IST" duration-ms="21933" status="PASS">
          <reporter-output>
          </reporter-output>
        </test-method> <!-- addingDoctorUserBookingAppointmentDeleteDoctorLoginAsDoctorTest -->
        <test-method is-config="true" signature="close()[pri:0, instance:hms.emc.doctor.AddingDoctorUserBookingAppointmentDeleteDoctorLoginAsDoctorTest@17497425]" started-at="2023-03-02T10:28:54 IST" name="close" finished-at="2023-03-02T10:28:54 IST" duration-ms="670" status="PASS">
          <reporter-output>
          </reporter-output>
        </test-method> <!-- close -->
        <test-method is-config="true" signature="ImplementationTearDown()[pri:0, instance:hms.emc.doctor.AddingDoctorUserBookingAppointmentDeleteDoctorLoginAsDoctorTest@17497425]" started-at="2023-03-02T10:28:54 IST" name="ImplementationTearDown" finished-at="2023-03-02T10:28:54 IST" duration-ms="0" status="PASS">
          <reporter-output>
          </reporter-output>
        </test-method> <!-- ImplementationTearDown -->
      </class> <!-- hms.emc.doctor.AddingDoctorUserBookingAppointmentDeleteDoctorLoginAsDoctorTest -->
      <class name="hms.emc.doctor.DoctorAddingMedicalHistoryTest">
        <test-method is-config="true" signature="ImplementationSetup(java.lang.String)[pri:0, instance:hms.emc.doctor.DoctorAddingMedicalHistoryTest@37d4349f]" started-at="2023-03-02T10:27:50 IST" name="ImplementationSetup" finished-at="2023-03-02T10:27:52 IST" duration-ms="1602" status="PASS">
          <params>
            <param index="0">
              <value is-null="true"/>
            </param>
          </params>
          <reporter-output>
          </reporter-output>
        </test-method> <!-- ImplementationSetup -->
        <test-method is-config="true" signature="setup()[pri:0, instance:hms.emc.doctor.DoctorAddingMedicalHistoryTest@37d4349f]" started-at="2023-03-02T10:27:52 IST" name="setup" finished-at="2023-03-02T10:28:00 IST" duration-ms="8418" status="PASS">
          <reporter-output>
          </reporter-output>
        </test-method> <!-- setup -->
        <test-method signature="doctorAddingMedicalHistoryTest()[pri:0, instance:hms.emc.doctor.DoctorAddingMedicalHistoryTest@37d4349f]" started-at="2023-03-02T10:28:00 IST" name="doctorAddingMedicalHistoryTest" finished-at="2023-03-02T10:28:23 IST" duration-ms="22709" status="PASS">
          <reporter-output>
          </reporter-output>
        </test-method> <!-- doctorAddingMedicalHistoryTest -->
        <test-method is-config="true" signature="close()[pri:0, instance:hms.emc.doctor.DoctorAddingMedicalHistoryTest@37d4349f]" started-at="2023-03-02T10:28:23 IST" name="close" finished-at="2023-03-02T10:28:24 IST" duration-ms="494" status="PASS">
          <reporter-output>
          </reporter-output>
        </test-method> <!-- close -->
        <test-method is-config="true" signature="ImplementationTearDown()[pri:0, instance:hms.emc.doctor.DoctorAddingMedicalHistoryTest@37d4349f]" started-at="2023-03-02T10:28:24 IST" name="ImplementationTearDown" finished-at="2023-03-02T10:28:24 IST" duration-ms="1" status="PASS">
          <reporter-output>
          </reporter-output>
        </test-method> <!-- ImplementationTearDown -->
      </class> <!-- hms.emc.doctor.DoctorAddingMedicalHistoryTest -->
      <class name="hms.emc.patient.UserRegistrationBookingAppointmentDoctorCancellingAppointmentTest">
        <test-method is-config="true" signature="ImplementationSetup(java.lang.String)[pri:0, instance:hms.emc.patient.UserRegistrationBookingAppointmentDoctorCancellingAppointmentTest@4803b726]" started-at="2023-03-02T10:29:22 IST" name="ImplementationSetup" finished-at="2023-03-02T10:29:22 IST" duration-ms="119" status="PASS">
          <params>
            <param index="0">
              <value is-null="true"/>
            </param>
          </params>
          <reporter-output>
          </reporter-output>
        </test-method> <!-- ImplementationSetup -->
        <test-method is-config="true" signature="setup()[pri:0, instance:hms.emc.patient.UserRegistrationBookingAppointmentDoctorCancellingAppointmentTest@4803b726]" started-at="2023-03-02T10:29:22 IST" name="setup" finished-at="2023-03-02T10:29:32 IST" duration-ms="9365" status="PASS">
          <reporter-output>
          </reporter-output>
        </test-method> <!-- setup -->
        <test-method signature="userRegistrationBookingAppointmentDoctorCancellingAppointmentTest()[pri:0, instance:hms.emc.patient.UserRegistrationBookingAppointmentDoctorCancellingAppointmentTest@4803b726]" started-at="2023-03-02T10:29:32 IST" name="userRegistrationBookingAppointmentDoctorCancellingAppointmentTest" finished-at="2023-03-02T10:29:42 IST" duration-ms="10303" status="PASS">
          <reporter-output>
          </reporter-output>
        </test-method> <!-- userRegistrationBookingAppointmentDoctorCancellingAppointmentTest -->
        <test-method is-config="true" signature="close()[pri:0, instance:hms.emc.patient.UserRegistrationBookingAppointmentDoctorCancellingAppointmentTest@4803b726]" started-at="2023-03-02T10:29:42 IST" name="close" finished-at="2023-03-02T10:29:42 IST" duration-ms="356" status="PASS">
          <reporter-output>
          </reporter-output>
        </test-method> <!-- close -->
        <test-method is-config="true" signature="ImplementationTearDown()[pri:0, instance:hms.emc.patient.UserRegistrationBookingAppointmentDoctorCancellingAppointmentTest@4803b726]" started-at="2023-03-02T10:29:42 IST" name="ImplementationTearDown" finished-at="2023-03-02T10:29:42 IST" duration-ms="0" status="PASS">
          <reporter-output>
          </reporter-output>
        </test-method> <!-- ImplementationTearDown -->
      </class> <!-- hms.emc.patient.UserRegistrationBookingAppointmentDoctorCancellingAppointmentTest -->
    </test> <!-- Test -->
  </suite> <!-- Suite -->
</testng-results>
